<?xml version="1.0" encoding="UTF-8"?>
<!-- Generated by org.testng.reporters.JUnitXMLReporter -->
<testsuite ignored="0" hostname="Aniket" failures="0" tests="6" name="Test" time="53.978" errors="0" timestamp="2025-07-26T13:20:32 IST">
  <testcase classname="com.swaglabs.testlayer.TC01_TestLoginFunctionality" name="LoginTest" time="0.6"/>
  <testcase classname="com.swaglabs.testlayer.TC02_TestInvalidLogin" name="testInvalidLogin" time="0.603"/>
  <testcase classname="com.swaglabs.testlayer.TC03_TestLogoutFunctionality" name="LogoutTest" time="0.963"/>
  <testcase classname="com.swaglabs.testlayer.TC04_TestOrderCreation" name="createOrder" time="1.838"/>
  <testcase classname="com.swaglabs.testlayer.TC05_TestAddToCartFunctionality" name="verifyProductAdditionToCart" time="0.982"/>
  <testcase classname="com.swaglabs.testlayer.TC06_RemoveProductFromCartFunctionality" name="verifyProductRemovalfromCart" time="1.125"/>
</testsuite> <!-- Test -->
