<?xml version="1.0" encoding="UTF-8"?>
<!-- Generated by org.testng.reporters.JUnitXMLReporter -->
<testsuite ignored="0" hostname="Aniket" failures="0" tests="6" name="Test" time="56.109" errors="0" timestamp="2025-06-15T20:05:49 IST">
  <testcase classname="com.swaglabs.testlayer.TC01_TestLoginFunctionality" name="LoginTest" time="0.618"/>
  <testcase classname="com.swaglabs.testlayer.TC02_TestInvalidLogin" name="testInvalidLogin" time="0.651"/>
  <testcase classname="com.swaglabs.testlayer.TC03_TestLogoutFunctionality" name="LogoutTest" time="0.917"/>
  <testcase classname="com.swaglabs.testlayer.TC04_TestOrderCreation" name="createOrder" time="1.843"/>
  <testcase classname="com.swaglabs.testlayer.TC05_TestAddToCartFunctionality" name="verifyProductAdditionToCart" time="0.977"/>
  <testcase classname="com.swaglabs.testlayer.TC06_RemoveProductFromCartFunctionality" name="verifyProductRemovalfromCart" time="1.211"/>
</testsuite> <!-- Test -->
